18r30 matrix start cells=8 rounds=10 workers=2
report=C:\Users\zhang\grok-regkit\matrix_runs\matrix_18r30_20260719_123545.jsonl

===== CELL hybrid__direct__aol workers=2 count=10 =====
start {'ok': True, 'started': True, 'count': 10, 'workers': 2}
result {'cell': 'hybrid__direct__aol', 'mode': 'hybrid', 'proxy': 'direct', 'email': 'aol', 'workers': 2, 'count': 10, 'success': 10, 'fail': 0, 'pending_sso': 0, 'skipped': 0, 'error': '', 'last_event': '[*] 살북훨蛟써監。냥묘 10 | 呵겨 0 | pending_sso 0 | 契법(넥왕) 0 | workers=2', 'finished_at': 1784436294.031831, 'ts': '2026-07-19T12:44:57'}

===== CELL hybrid__direct__outlook workers=2 count=10 =====
start {'ok': True, 'started': True, 'count': 10, 'workers': 2}
result {'cell': 'hybrid__direct__outlook', 'mode': 'hybrid', 'proxy': 'direct', 'email': 'outlook', 'workers': 2, 'count': 10, 'success': 7, 'fail': 0, 'pending_sso': 3, 'skipped': 0, 'error': '', 'last_event': '[*] 살북훨蛟써監。냥묘 7 | 呵겨 0 | pending_sso 3 | 契법(넥왕) 0 | workers=2', 'finished_at': 1784437115.494249, 'ts': '2026-07-19T12:58:38'}

===== CELL hybrid__socks5_list__aol workers=2 count=10 =====
start {'ok': True, 'started': True, 'count': 10, 'workers': 2}
result {'cell': 'hybrid__socks5_list__aol', 'mode': 'hybrid', 'proxy': 'socks5_list', 'email': 'aol', 'workers': 2, 'count': 10, 'success': 7, 'fail': 0, 'pending_sso': 3, 'skipped': 0, 'error': '', 'last_event': '[*] 살북훨蛟써監。냥묘 7 | 呵겨 0 | pending_sso 3 | 契법(넥왕) 0 | workers=2', 'finished_at': 1784438014.9793055, 'ts': '2026-07-19T13:13:36'}

===== CELL hybrid__socks5_list__outlook workers=2 count=10 =====
start {'ok': True, 'started': True, 'count': 10, 'workers': 2}
result {'cell': 'hybrid__socks5_list__outlook', 'mode': 'hybrid', 'proxy': 'socks5_list', 'email': 'outlook', 'workers': 2, 'count': 10, 'success': 2, 'fail': 0, 'pending_sso': 8, 'skipped': 0, 'error': '', 'last_event': '[*] 살북훨蛟써監。냥묘 2 | 呵겨 0 | pending_sso 8 | 契법(넥왕) 0 | workers=2', 'finished_at': 1784439130.6479354, 'ts': '2026-07-19T13:32:10'}

===== CELL browser__direct__aol workers=2 count=10 =====
start {'ok': True, 'started': True, 'count': 10, 'workers': 2}
result {'cell': 'browser__direct__aol', 'mode': 'browser', 'proxy': 'direct', 'email': 'aol', 'workers': 2, 'count': 10, 'success': 5, 'fail': 5, 'pending_sso': 0, 'skipped': 0, 'error': '', 'last_event': '[*] 뜩窟넋훨蛟써監。냥묘 5 | 呵겨 5 | pending_sso 0', 'finished_at': 1784439662.9374952, 'ts': '2026-07-19T13:41:07'}

===== CELL browser__direct__outlook workers=2 count=10 =====
start {'ok': True, 'started': True, 'count': 10, 'workers': 2}
result {'cell': 'browser__direct__outlook', 'mode': 'browser', 'proxy': 'direct', 'email': 'outlook', 'workers': 2, 'count': 10, 'success': 3, 'fail': 5, 'pending_sso': 0, 'skipped': 0, 'error': '', 'last_event': '[*] 뜩窟넋훨蛟써監。냥묘 3 | 呵겨 5 | pending_sso 0', 'finished_at': 1784440401.3352616, 'ts': '2026-07-19T13:53:22'}

===== CELL browser__socks5_list__aol workers=2 count=10 =====
start {'ok': True, 'started': True, 'count': 10, 'workers': 2}
result {'cell': 'browser__socks5_list__aol', 'mode': 'browser', 'proxy': 'socks5_list', 'email': 'aol', 'workers': 2, 'count': 10, 'success': 3, 'fail': 6, 'pending_sso': 1, 'skipped': 0, 'error': '', 'last_event': '[*] 뜩窟넋훨蛟써監。냥묘 3 | 呵겨 6 | pending_sso 1', 'finished_at': 1784441090.3249738, 'ts': '2026-07-19T14:04:55'}

===== CELL browser__socks5_list__outlook workers=2 count=10 =====
start {'ok': True, 'started': True, 'count': 10, 'workers': 2}
result {'cell': 'browser__socks5_list__outlook', 'mode': 'browser', 'proxy': 'socks5_list', 'email': 'outlook', 'workers': 2, 'count': 10, 'success': 0, 'fail': 10, 'pending_sso': 0, 'skipped': 0, 'error': '', 'last_event': '[*] 뜩窟넋훨蛟써監。냥묘 0 | 呵겨 10 | pending_sso 0', 'finished_at': 1784441450.2104943, 'ts': '2026-07-19T14:10:51'}
pending start {'ok': True, 'started': True, 'count': 10, 'workers': 2, 'job_kind': 'pending_sso_recovery'}
DONE C:\Users\zhang\grok-regkit\matrix_runs\matrix_18r30_20260719_123545_summary.json
MD C:\Users\zhang\grok-regkit\matrix_runs\MATRIX_18r30_20260719_123545.md
