[2026-07-19T04:18:03] post_matrix_r25_release v2 start (windows-safe wait)
[2026-07-19T04:18:05] wait_weak pids=[156952] 8092_running=True phase=create_email
[2026-07-19T04:18:28] wait_weak pids=[156952] 8092_running=True phase=create_email
[2026-07-19T04:18:51] wait_weak pids=[156952] 8092_running=True phase=post_process
[2026-07-19T04:19:14] wait_weak pids=[156952] 8092_running=True phase=post_process
[2026-07-19T04:19:37] wait_weak pids=[156952] 8092_running=True phase=post_process
[2026-07-19T04:20:00] wait_weak pids=[156952] 8092_running=True phase=post_process
[2026-07-19T04:20:23] wait_weak pids=[156952] 8092_running=True phase=waiting_code
[2026-07-19T04:20:46] wait_weak pids=[156952] 8092_running=True phase=waiting_code
[2026-07-19T04:21:09] wait_weak pids=[156952] 8092_running=True phase=waiting_code
[2026-07-19T04:21:32] wait_weak pids=[156952] 8092_running=True phase=waiting_code
[2026-07-19T04:21:54] wait_weak pids=[156952] 8092_running=True phase=waiting_code
[2026-07-19T04:22:17] wait_weak pids=[156952] 8092_running=True phase=waiting_code
[2026-07-19T04:22:40] wait_weak pids=[156952] 8092_running=True phase=starting
[2026-07-19T04:23:03] wait_weak pids=[156952] 8092_running=True phase=create_email
[2026-07-19T04:23:26] wait_weak pids=[156952] 8092_running=True phase=create_email
[2026-07-19T04:23:48] wait_weak pids=[156952] 8092_running=True phase=post_process
[2026-07-19T04:24:11] wait_weak pids=[156952] 8092_running=True phase=post_process
[2026-07-19T04:24:34] wait_weak pids=[156952] 8092_running=True phase=post_process
[2026-07-19T04:24:57] wait_weak pids=[156952] 8092_running=True phase=waiting_code
[2026-07-19T04:25:20] wait_weak pids=[156952] 8092_running=True phase=waiting_code
[2026-07-19T04:25:43] wait_weak pids=[156952] 8092_running=True phase=waiting_code
[2026-07-19T04:26:05] wait_weak pids=[156952] 8092_running=True phase=waiting_code
[2026-07-19T04:26:28] wait_weak pids=[156952] 8092_running=True phase=waiting_code
[2026-07-19T04:26:51] wait_weak pids=[156952] 8092_running=True phase=waiting_code
[2026-07-19T04:27:14] wait_weak pids=[156952] 8092_running=True phase=starting
[2026-07-19T04:27:37] wait_weak pids=[156952] 8092_running=True phase=waiting_code
[2026-07-19T04:28:00] wait_weak pids=[156952] 8092_running=True phase=waiting_code
[2026-07-19T04:28:23] wait_weak pids=[156952] 8092_running=True phase=waiting_code
[2026-07-19T04:28:46] wait_weak pids=[156952] 8092_running=True phase=waiting_code
[2026-07-19T04:29:08] wait_weak pids=[156952] 8092_running=True phase=post_process
[2026-07-19T04:29:31] wait_weak pids=[156952] 8092_running=True phase=starting
[2026-07-19T04:29:54] wait_weak pids=[156952] 8092_running=True phase=waiting_code
[2026-07-19T04:30:17] wait_weak pids=[156952] 8092_running=True phase=waiting_code
[2026-07-19T04:30:40] wait_weak pids=[156952] 8092_running=True phase=waiting_code
[2026-07-19T04:31:03] wait_weak pids=[156952] 8092_running=True phase=post_process
[2026-07-19T04:31:26] wait_weak pids=[156952] 8092_running=True phase=post_process
[2026-07-19T04:31:48] wait_weak pids=[156952] 8092_running=True phase=starting
[2026-07-19T04:32:11] wait_weak pids=[156952] 8092_running=True phase=starting
[2026-07-19T04:32:34] wait_weak pids=[156952] 8092_running=True phase=create_email
[2026-07-19T04:32:57] wait_weak pids=[156952] 8092_running=True phase=create_email
[2026-07-19T04:33:19] wait_weak pids=[156952] 8092_running=True phase=create_email
[2026-07-19T04:33:42] wait_weak pids=[156952] 8092_running=True phase=create_email
[2026-07-19T04:34:05] wait_weak pids=[156952] 8092_running=True phase=create_email
[2026-07-19T04:34:28] wait_weak pids=[156952] 8092_running=True phase=create_email
[2026-07-19T04:34:51] wait_weak pids=[156952] 8092_running=True phase=create_email
[2026-07-19T04:35:14] wait_weak pids=[156952] 8092_running=True phase=waiting_code
[2026-07-19T04:35:37] wait_weak pids=[156952] 8092_running=True phase=waiting_code
[2026-07-19T04:36:00] wait_weak pids=[156952] 8092_running=True phase=create_email
[2026-07-19T04:36:22] wait_weak pids=[156952] 8092_running=True phase=create_email
[2026-07-19T04:36:45] wait_weak pids=[156952] 8092_running=True phase=create_email
[2026-07-19T04:37:08] wait_weak pids=[156952] 8092_running=True phase=starting
[2026-07-19T04:37:31] wait_weak pids=[156952] 8092_running=True phase=starting
[2026-07-19T04:37:54] wait_weak pids=[156952] 8092_running=True phase=create_email
[2026-07-19T04:38:16] wait_weak pids=[156952] 8092_running=True phase=waiting_code
[2026-07-19T04:38:39] wait_weak pids=[156952] 8092_running=True phase=waiting_code
[2026-07-19T04:39:02] wait_weak pids=[156952] 8092_running=True phase=waiting_code
[2026-07-19T04:39:25] wait_weak pids=[156952] 8092_running=True phase=waiting_code
[2026-07-19T04:39:48] wait_weak pids=[156952] 8092_running=True phase=verify_code
[2026-07-19T04:40:10] wait_weak pids=[156952] 8092_running=True phase=sso
[2026-07-19T04:40:33] wait_weak pids=[156952] 8092_running=True phase=post_process
[2026-07-19T04:40:56] wait_weak pids=[156952] 8092_running=False phase=finished
[2026-07-19T04:41:19] wait_weak pids=[156952] 8092_running=True phase=starting
[2026-07-19T04:41:42] wait_weak pids=[156952] 8092_running=True phase=starting
[2026-07-19T04:42:04] wait_weak pids=[156952] 8092_running=True phase=starting
[2026-07-19T04:42:27] wait_weak pids=[156952] 8092_running=True phase=starting
[2026-07-19T04:42:50] wait_weak pids=[156952] 8092_running=True phase=starting
[2026-07-19T04:43:13] wait_weak pids=[156952] 8092_running=False phase=finished
[2026-07-19T04:43:35] wait_weak pids=[156952] 8092_running=True phase=starting
[2026-07-19T04:43:58] wait_weak pids=[156952] 8092_running=True phase=starting
[2026-07-19T04:44:21] wait_weak pids=[156952] 8092_running=True phase=starting
[2026-07-19T04:44:44] wait_weak pids=[156952] 8092_running=True phase=starting
[2026-07-19T04:45:07] wait_weak pids=[156952] 8092_running=True phase=starting
[2026-07-19T04:45:30] wait_weak pids=[] 8092_running=False phase=finished
[2026-07-19T04:45:41] weak idle confirmed
[2026-07-19T04:45:44] kill 8092 only
[2026-07-19T04:45:45] taskkill server pid=110448
[2026-07-19T04:45:49] start 8092
[2026-07-19T04:45:49] $ powershell -NoProfile -ExecutionPolicy Bypass -File C:\Users\zhang\grok-regkit\tools\start_web8092_hidden.ps1
